#
# A fatal error has been detected by the Java Runtime Environment:
#
#  Internal Error (0xc0000029), pid=7560, tid=5740
#
# JRE version: 6.0_26-b03
# Java VM: Java HotSpot(TM) Client VM (20.1-b02 mixed mode, sharing windows-x86 )
# Problematic frame:
# C  [ntdll.dll+0x90812]
#
# If you would like to submit a bug report, please visit:
#   http://java.sun.com/webapps/bugreport/crash.jsp
# The crash happened outside the Java Virtual Machine in native code.
# See problematic frame for where to report the bug.
#

---------------  T H R E A D  ---------------

Current thread (0x046b8400):  JavaThread "Thread-1" [_thread_in_native, id=5740, stack(0x05f00000,0x05f50000)]

siginfo: ExceptionCode=0xc0000029

Registers:
EAX=0x05f4035c, EBX=0x05f4fd78, ECX=0x05f403b4, EDX=0x05f402f0
ESP=0x05f40300, EBP=0x05f40688, ESI=0x05f406a8, EDI=0x00000001
EIP=0x77420812, EFLAGS=0x00000246

Top of Stack: (sp=0x05f40300)
0x05f40300:   6ca5c3c8 00000000 0495fdf8 00000000
0x05f40310:   00000000 00000000 00000000 00000000
0x05f40320:   00000000 00000000 00000000 00000000
0x05f40330:   00000000 00000000 00000000 00000000
0x05f40340:   00000000 00000000 00000000 00000000
0x05f40350:   00000000 00000000 00000000 c0000029
0x05f40360:   00000001 05f406a8 77420812 00000000
0x05f40370:   00000000 00000000 00000000 00000000 

Instructions: (pc=0x77420812)
0x774207f2:   d4 fc ff ff 50 c7 85 d4 fc ff ff 29 00 00 c0 89
0x77420802:   bd d8 fc ff ff 89 b5 dc fc ff ff e8 f6 af fc ff
0x77420812:   e9 58 af fc ff 48 48 74 2e 83 a5 e4 fc ff ff 00
0x77420822:   8d 85 d4 fc ff ff 50 c7 85 d4 fc ff ff 26 00 00 


Register to memory mapping:

EAX=0x05f4035c is pointing into the stack for thread: 0x046b8400
EBX=0x05f4fd78 is pointing into the stack for thread: 0x046b8400
ECX=0x05f403b4 is pointing into the stack for thread: 0x046b8400
EDX=0x05f402f0 is pointing into the stack for thread: 0x046b8400
ESP=0x05f40300 is pointing into the stack for thread: 0x046b8400
EBP=0x05f40688 is pointing into the stack for thread: 0x046b8400
ESI=0x05f406a8 is pointing into the stack for thread: 0x046b8400
EDI=0x00000001 is an unknown value


Stack: [0x05f00000,0x05f50000],  sp=0x05f40300,  free space=256k
Native frames: (J=compiled Java code, j=interpreted, Vv=VM code, C=native code)
C  [ntdll.dll+0x90812]  RtlUlonglongByteSwap+0x133c2

Java frames: (J=compiled Java code, j=interpreted, Vv=VM code)
j  org.rosuda.JRI.Rengine.rniSetupR([Ljava/lang/String;)I+0
j  org.rosuda.JRI.Rengine.setupR([Ljava/lang/String;)I+2
j  org.rosuda.JRI.Rengine.run()V+30
v  ~StubRoutines::call_stub

---------------  P R O C E S S  ---------------

Java Threads: ( => current thread )
=>0x046b8400 JavaThread "Thread-1" [_thread_in_native, id=5740, stack(0x05f00000,0x05f50000)]
  0x008d6000 JavaThread "Thread-0" [_thread_blocked, id=7860, stack(0x04910000,0x04960000)]
  0x0089d400 JavaThread "Low Memory Detector" daemon [_thread_blocked, id=4396, stack(0x045d0000,0x04620000)]
  0x00896800 JavaThread "C1 CompilerThread0" daemon [_thread_blocked, id=6296, stack(0x04540000,0x04590000)]
  0x00895400 JavaThread "Attach Listener" daemon [_thread_blocked, id=6764, stack(0x044b0000,0x04500000)]
  0x00892400 JavaThread "Signal Dispatcher" daemon [_thread_blocked, id=7968, stack(0x04420000,0x04470000)]
  0x0088c000 JavaThread "Finalizer" daemon [_thread_blocked, id=672, stack(0x04390000,0x043e0000)]
  0x0088a000 JavaThread "Reference Handler" daemon [_thread_blocked, id=5216, stack(0x04300000,0x04350000)]
  0x00949400 JavaThread "main" [_thread_in_vm, id=3320, stack(0x00390000,0x003e0000)]

Other Threads:
  0x0084e000 VMThread [stack: 0x04270000,0x042c0000] [id=7372]
  0x008af000 WatcherThread [stack: 0x04660000,0x046b0000] [id=2760]

VM state:not at safepoint (normal execution)

VM Mutex/Monitor currently owned by a thread: None

Heap
 def new generation   total 4928K, used 637K [0x24490000, 0x249e0000, 0x299e0000)
  eden space 4416K,  14% used [0x24490000, 0x2452f6b8, 0x248e0000)
  from space 512K,   0% used [0x248e0000, 0x248e0000, 0x24960000)
  to   space 512K,   0% used [0x24960000, 0x24960000, 0x249e0000)
 tenured generation   total 10944K, used 0K [0x299e0000, 0x2a490000, 0x34490000)
   the space 10944K,   0% used [0x299e0000, 0x299e0000, 0x299e0200, 0x2a490000)
 compacting perm gen  total 12288K, used 114K [0x34490000, 0x35090000, 0x38490000)
   the space 12288K,   0% used [0x34490000, 0x344ac910, 0x344aca00, 0x35090000)
    ro space 10240K,  54% used [0x38490000, 0x38a0eb78, 0x38a0ec00, 0x38e90000)
    rw space 12288K,  55% used [0x38e90000, 0x395349c8, 0x39534a00, 0x39a90000)

Code Cache  [0x02070000, 0x020e8000, 0x04070000)
 total_blobs=141 nmethods=14 adapters=64 free_code_cache=33093760 largest_free_block=0

Dynamic libraries:
0x00400000 - 0x00424000 	C:\Program Files (x86)\Java\jdk1.6.0_26\jre\bin\java.exe
0x77390000 - 0x77510000 	C:\Windows\SysWOW64\ntdll.dll
0x75750000 - 0x75860000 	C:\Windows\syswow64\kernel32.dll
0x74fc0000 - 0x75006000 	C:\Windows\syswow64\KERNELBASE.dll
0x74f20000 - 0x74fc0000 	C:\Windows\syswow64\ADVAPI32.dll
0x768e0000 - 0x7698c000 	C:\Windows\syswow64\msvcrt.dll
0x75010000 - 0x75029000 	C:\Windows\SysWOW64\sechost.dll
0x765a0000 - 0x76690000 	C:\Windows\syswow64\RPCRT4.dll
0x74a70000 - 0x74ad0000 	C:\Windows\syswow64\SspiCli.dll
0x74a60000 - 0x74a6c000 	C:\Windows\syswow64\CRYPTBASE.dll
0x7c340000 - 0x7c396000 	C:\Program Files (x86)\Java\jdk1.6.0_26\jre\bin\msvcr71.dll
0x6d8a0000 - 0x6db4f000 	C:\Program Files (x86)\Java\jdk1.6.0_26\jre\bin\client\jvm.dll
0x75220000 - 0x75320000 	C:\Windows\syswow64\USER32.dll
0x76760000 - 0x767f0000 	C:\Windows\syswow64\GDI32.dll
0x74cc0000 - 0x74cca000 	C:\Windows\syswow64\LPK.dll
0x767f0000 - 0x7688d000 	C:\Windows\syswow64\USP10.dll
0x70100000 - 0x70132000 	C:\Windows\system32\WINMM.dll
0x74d60000 - 0x74dc0000 	C:\Windows\system32\IMM32.DLL
0x76690000 - 0x7675c000 	C:\Windows\syswow64\MSCTF.dll
0x73950000 - 0x7399c000 	C:\Windows\system32\apphelp.dll
0x6d850000 - 0x6d85c000 	C:\Program Files (x86)\Java\jdk1.6.0_26\jre\bin\verify.dll
0x6d3d0000 - 0x6d3ef000 	C:\Program Files (x86)\Java\jdk1.6.0_26\jre\bin\java.dll
0x77360000 - 0x77365000 	C:\Windows\system32\PSAPI.DLL
0x6d890000 - 0x6d89f000 	C:\Program Files (x86)\Java\jdk1.6.0_26\jre\bin\zip.dll
0x62d80000 - 0x62d8f000 	C:\Users\Allan\Documents\R\win-library\2.14\rJava\jri\i386\jri.dll
0x6c700000 - 0x6ca94000 	C:\Program Files\R\R-2.14.1\bin\i386\R.dll
0x6e180000 - 0x6e1af000 	C:\Program Files\R\R-2.14.1\bin\i386\Rblas.dll
0x641c0000 - 0x641cd000 	C:\Program Files\R\R-2.14.1\bin\i386\Riconv.dll
0x63540000 - 0x6359b000 	C:\Program Files\R\R-2.14.1\bin\i386\Rgraphapp.dll
0x74740000 - 0x748de000 	C:\Windows\WinSxS\x86_microsoft.windows.common-controls_6595b64144ccf1df_6.0.7601.17514_none_41e6975e2bd6f2b2\COMCTL32.DLL
0x76540000 - 0x76597000 	C:\Windows\syswow64\SHLWAPI.dll
0x75860000 - 0x758db000 	C:\Windows\syswow64\COMDLG32.DLL
0x758e0000 - 0x7652a000 	C:\Windows\syswow64\SHELL32.dll
0x72f10000 - 0x72f15000 	C:\Windows\system32\MSIMG32.DLL
0x6f8c0000 - 0x6f8da000 	C:\Program Files\R\R-2.14.1\bin\i386\Rzlib.dll
0x724e0000 - 0x724e9000 	C:\Windows\system32\VERSION.dll
0x73170000 - 0x731f0000 	C:\Windows\system32\uxtheme.dll
0x64a40000 - 0x64a55000 	C:\Program Files\R\R-2.14.1\library\methods\libs\i386\methods.dll
0x6fc80000 - 0x6fcc8000 	C:\Program Files\R\R-2.14.1\library\grDevices\libs\i386\grDevices.dll
0x71100000 - 0x71168000 	C:\Program Files\R\R-2.14.1\library\stats\libs\i386\stats.dll

VM Arguments:
jvm_args: -Dfile.encoding=UTF-8 
java_command: br.ufba.lasid.jds.prototyping.hddss.Teste
Launcher Type: SUN_STANDARD

Environment Variables:
PATH=C:\Program Files\MiKTeX 2.9\miktex\bin\x64;ommonProgramFiles\Microsoft Shared\Windows Live;C:\Windows\system32;C:\Windows;C:\Windows\System32\Wbem;C:\Windows\System32\WindowsPowerShell\v1.0\;C:\Program Files\Broadcom\Broadcom 802.11\Driver;C:\Program Files (x86)\Common Files\Roxio Shared\DLLShared\;C:\Program Files (x86)\Common Files\Roxio Shared\DLLShared\;C:\Program Files (x86)\Common Files\Roxio Shared\12.0\DLLShared\;C:\Program Files\TortoiseSVN\bin;C:\Program Files (x86)\Universal Extractor;C:\Program Files (x86)\Universal Extractor\bin;C:\Program Files\Cepstral\bin;C:\Program Files\R\R-2.14.1\bin;C:\Users\Allan\Documents\R\win-library\2.14\rJava\libs\i386;C:\Users\Allan\Documents\R\win-library\2.14\rJava\jri\i386;C:\Program Files\R\R-2.14.1\bin\i386
USERNAME=Allan
OS=Windows_NT
PROCESSOR_IDENTIFIER=Intel64 Family 6 Model 37 Stepping 5, GenuineIntel



---------------  S Y S T E M  ---------------

OS: Windows 7 Build 7601 Service Pack 1

CPU:total 4 (2 cores per cpu, 2 threads per core) family 6 model 37 stepping 5, cmov, cx8, fxsr, mmx, sse, sse2, sse3, ssse3, sse4.1, sse4.2, popcnt, ht

Memory: 4k page, physical 3987312k(1589192k free), swap 7972776k(4385036k free)

vm_info: Java HotSpot(TM) Client VM (20.1-b02) for windows-x86 JRE (1.6.0_26-b03), built on May  4 2011 00:50:59 by "java_re" with MS VC++ 7.1 (VS2003)

time: Sat Feb 18 16:51:43 2012
elapsed time: 1 seconds

